<?xml version="1.0" encoding="UTF-8"?>
<testng-results skipped="0" failed="1" ignored="0" total="3" passed="2">
  <reporter-output>
  </reporter-output>
  <suite name="Jenkins Suite" duration-ms="98504" started-at="2017-02-07T18:55:54Z" finished-at="2017-02-07T18:57:32Z">
    <groups>
    </groups>
    <test name="AddEmployee Test" duration-ms="28400" started-at="2017-02-07T18:55:54Z" finished-at="2017-02-07T18:56:22Z">
      <class name="com.Intelli.Jenkins.Jenkins.AddEmployee">
        <test-method status="PASS" signature="launchBrowser()[pri:0, instance:com.Intelli.Jenkins.Jenkins.AddEmployee@5ebec15]" name="launchBrowser" is-config="true" duration-ms="13277" started-at="2017-02-07T13:55:54Z" finished-at="2017-02-07T13:56:07Z">
          <reporter-output>
          </reporter-output>
        </test-method> <!-- launchBrowser -->
        <test-method status="PASS" signature="empAdded()[pri:0, instance:com.Intelli.Jenkins.Jenkins.AddEmployee@5ebec15]" name="empAdded" duration-ms="12974" started-at="2017-02-07T13:56:07Z" finished-at="2017-02-07T13:56:20Z">
          <reporter-output>
          </reporter-output>
        </test-method> <!-- empAdded -->
        <test-method status="PASS" signature="closeBrowser()[pri:0, instance:com.Intelli.Jenkins.Jenkins.AddEmployee@5ebec15]" name="closeBrowser" is-config="true" duration-ms="2087" started-at="2017-02-07T13:56:20Z" finished-at="2017-02-07T13:56:22Z">
          <reporter-output>
          </reporter-output>
        </test-method> <!-- closeBrowser -->
      </class> <!-- com.Intelli.Jenkins.Jenkins.AddEmployee -->
    </test> <!-- AddEmployee Test -->
    <test name="EditEmployee Test" duration-ms="21585" started-at="2017-02-07T18:56:23Z" finished-at="2017-02-07T18:56:44Z">
      <class name="com.Intelli.Jenkins.Jenkins.EditEmployee">
        <test-method status="PASS" signature="launchBrowser()[pri:0, instance:com.Intelli.Jenkins.Jenkins.EditEmployee@1324409e]" name="launchBrowser" is-config="true" duration-ms="4935" started-at="2017-02-07T13:56:23Z" finished-at="2017-02-07T13:56:27Z">
          <reporter-output>
          </reporter-output>
        </test-method> <!-- launchBrowser -->
        <test-method status="PASS" signature="empChanged()[pri:0, instance:com.Intelli.Jenkins.Jenkins.EditEmployee@1324409e]" name="empChanged" duration-ms="15147" started-at="2017-02-07T13:56:27Z" finished-at="2017-02-07T13:56:43Z">
          <reporter-output>
          </reporter-output>
        </test-method> <!-- empChanged -->
        <test-method status="PASS" signature="closeBrowser()[pri:0, instance:com.Intelli.Jenkins.Jenkins.EditEmployee@1324409e]" name="closeBrowser" is-config="true" duration-ms="1502" started-at="2017-02-07T13:56:43Z" finished-at="2017-02-07T13:56:44Z">
          <reporter-output>
          </reporter-output>
        </test-method> <!-- closeBrowser -->
      </class> <!-- com.Intelli.Jenkins.Jenkins.EditEmployee -->
    </test> <!-- EditEmployee Test -->
    <test name="DeleteEmplooyee Test" duration-ms="48379" started-at="2017-02-07T18:56:44Z" finished-at="2017-02-07T18:57:32Z">
      <class name="com.Intelli.Jenkins.Jenkins.DeleteEmployee">
        <test-method status="PASS" signature="launchBrowser()[pri:0, instance:com.Intelli.Jenkins.Jenkins.DeleteEmployee@1e67b872]" name="launchBrowser" is-config="true" duration-ms="4850" started-at="2017-02-07T13:56:44Z" finished-at="2017-02-07T13:56:49Z">
          <reporter-output>
          </reporter-output>
        </test-method> <!-- launchBrowser -->
        <test-method status="FAIL" signature="empDeleted()[pri:0, instance:com.Intelli.Jenkins.Jenkins.DeleteEmployee@1e67b872]" name="empDeleted" duration-ms="41181" started-at="2017-02-07T13:56:49Z" finished-at="2017-02-07T13:57:30Z">
          <exception class="org.openqa.selenium.NoSuchElementException">
            <message>
              <![CDATA[no such element: Unable to locate element: {"method":"name","selector":"chkSelectRow[]"}
  (Session info: chrome=55.0.2883.87)
  (Driver info: chromedriver=2.24.417431 (9aea000394714d2fbb20850021f6204f2256b9cf),platform=Windows NT 6.1.7601 SP1 x86_64) (WARNING: The server did not provide any stacktrace information)
Command duration or timeout: 30.16 seconds
For documentation on this error, please visit: http://seleniumhq.org/exceptions/no_such_element.html
Build info: version: '3.0.1', revision: '1969d75', time: '2016-10-18 09:49:13 -0700'
System info: host: 'Dhir-PC', ip: '192.168.88.1', os.name: 'Windows 7', os.arch: 'amd64', os.version: '6.1', java.version: '1.8.0_111'
Driver info: org.openqa.selenium.chrome.ChromeDriver
Capabilities [{applicationCacheEnabled=false, rotatable=false, mobileEmulationEnabled=false, networkConnectionEnabled=false, chrome={chromedriverVersion=2.24.417431 (9aea000394714d2fbb20850021f6204f2256b9cf), userDataDir=C:\Users\Dhir\AppData\Local\Temp\scoped_dir12812_7338}, takesHeapSnapshot=true, pageLoadStrategy=normal, databaseEnabled=false, handlesAlerts=true, hasTouchScreen=false, version=55.0.2883.87, platform=XP, browserConnectionEnabled=false, nativeEvents=true, acceptSslCerts=true, locationContextEnabled=true, webStorageEnabled=true, browserName=chrome, takesScreenshot=true, javascriptEnabled=true, cssSelectorsEnabled=true}]
Session ID: 2d041eda37685d7f79d51477c986db95
*** Element info: {Using=name, value=chkSelectRow[]}]]>
            </message>
            <full-stacktrace>
              <![CDATA[org.openqa.selenium.NoSuchElementException: no such element: Unable to locate element: {"method":"name","selector":"chkSelectRow[]"}
  (Session info: chrome=55.0.2883.87)
  (Driver info: chromedriver=2.24.417431 (9aea000394714d2fbb20850021f6204f2256b9cf),platform=Windows NT 6.1.7601 SP1 x86_64) (WARNING: The server did not provide any stacktrace information)
Command duration or timeout: 30.16 seconds
For documentation on this error, please visit: http://seleniumhq.org/exceptions/no_such_element.html
Build info: version: '3.0.1', revision: '1969d75', time: '2016-10-18 09:49:13 -0700'
System info: host: 'Dhir-PC', ip: '192.168.88.1', os.name: 'Windows 7', os.arch: 'amd64', os.version: '6.1', java.version: '1.8.0_111'
Driver info: org.openqa.selenium.chrome.ChromeDriver
Capabilities [{applicationCacheEnabled=false, rotatable=false, mobileEmulationEnabled=false, networkConnectionEnabled=false, chrome={chromedriverVersion=2.24.417431 (9aea000394714d2fbb20850021f6204f2256b9cf), userDataDir=C:\Users\Dhir\AppData\Local\Temp\scoped_dir12812_7338}, takesHeapSnapshot=true, pageLoadStrategy=normal, databaseEnabled=false, handlesAlerts=true, hasTouchScreen=false, version=55.0.2883.87, platform=XP, browserConnectionEnabled=false, nativeEvents=true, acceptSslCerts=true, locationContextEnabled=true, webStorageEnabled=true, browserName=chrome, takesScreenshot=true, javascriptEnabled=true, cssSelectorsEnabled=true}]
Session ID: 2d041eda37685d7f79d51477c986db95
*** Element info: {Using=name, value=chkSelectRow[]}
	at sun.reflect.NativeConstructorAccessorImpl.newInstance0(Native Method)
	at sun.reflect.NativeConstructorAccessorImpl.newInstance(NativeConstructorAccessorImpl.java:62)
	at sun.reflect.DelegatingConstructorAccessorImpl.newInstance(DelegatingConstructorAccessorImpl.java:45)
	at java.lang.reflect.Constructor.newInstance(Constructor.java:423)
	at org.openqa.selenium.remote.ErrorHandler.createThrowable(ErrorHandler.java:216)
	at org.openqa.selenium.remote.ErrorHandler.throwIfResponseFailed(ErrorHandler.java:168)
	at org.openqa.selenium.remote.RemoteWebDriver.execute(RemoteWebDriver.java:635)
	at org.openqa.selenium.remote.RemoteWebDriver.findElement(RemoteWebDriver.java:368)
	at org.openqa.selenium.remote.RemoteWebDriver.findElementByName(RemoteWebDriver.java:449)
	at org.openqa.selenium.By$ByName.findElement(By.java:303)
	at org.openqa.selenium.remote.RemoteWebDriver.findElement(RemoteWebDriver.java:360)
	at com.Intelli.Jenkins.Jenkins.DeleteEmployee.empDeleted(DeleteEmployee.java:21)
	at sun.reflect.NativeMethodAccessorImpl.invoke0(Native Method)
	at sun.reflect.NativeMethodAccessorImpl.invoke(NativeMethodAccessorImpl.java:62)
	at sun.reflect.DelegatingMethodAccessorImpl.invoke(DelegatingMethodAccessorImpl.java:43)
	at java.lang.reflect.Method.invoke(Method.java:498)
	at org.testng.internal.MethodInvocationHelper.invokeMethod(MethodInvocationHelper.java:104)
	at org.testng.internal.Invoker.invokeMethod(Invoker.java:645)
	at org.testng.internal.Invoker.invokeTestMethod(Invoker.java:851)
	at org.testng.internal.Invoker.invokeTestMethods(Invoker.java:1177)
	at org.testng.internal.TestMethodWorker.invokeTestMethods(TestMethodWorker.java:129)
	at org.testng.internal.TestMethodWorker.run(TestMethodWorker.java:112)
	at org.testng.TestRunner.privateRun(TestRunner.java:756)
	at org.testng.TestRunner.run(TestRunner.java:610)
	at org.testng.SuiteRunner.runTest(SuiteRunner.java:387)
	at org.testng.SuiteRunner.runSequentially(SuiteRunner.java:382)
	at org.testng.SuiteRunner.privateRun(SuiteRunner.java:340)
	at org.testng.SuiteRunner.run(SuiteRunner.java:289)
	at org.testng.SuiteRunnerWorker.runSuite(SuiteRunnerWorker.java:52)
	at org.testng.SuiteRunnerWorker.run(SuiteRunnerWorker.java:86)
	at org.testng.TestNG.runSuitesSequentially(TestNG.java:1293)
	at org.testng.TestNG.runSuitesLocally(TestNG.java:1218)
	at org.testng.TestNG.runSuites(TestNG.java:1133)
	at org.testng.TestNG.run(TestNG.java:1104)
	at org.apache.maven.surefire.testng.TestNGExecutor.run(TestNGExecutor.java:178)
	at org.apache.maven.surefire.testng.TestNGXmlTestSuite.execute(TestNGXmlTestSuite.java:92)
	at org.apache.maven.surefire.testng.TestNGProvider.invoke(TestNGProvider.java:96)
	at sun.reflect.NativeMethodAccessorImpl.invoke0(Native Method)
	at sun.reflect.NativeMethodAccessorImpl.invoke(NativeMethodAccessorImpl.java:62)
	at sun.reflect.DelegatingMethodAccessorImpl.invoke(DelegatingMethodAccessorImpl.java:43)
	at java.lang.reflect.Method.invoke(Method.java:498)
	at org.apache.maven.surefire.util.ReflectionUtils.invokeMethodWithArray2(ReflectionUtils.java:208)
	at org.apache.maven.surefire.booter.ProviderFactory$ProviderProxy.invoke(ProviderFactory.java:159)
	at org.apache.maven.surefire.booter.ProviderFactory.invokeProvider(ProviderFactory.java:87)
	at org.apache.maven.surefire.booter.ForkedBooter.runSuitesInProcess(ForkedBooter.java:153)
	at org.apache.maven.surefire.booter.ForkedBooter.main(ForkedBooter.java:95)
]]>
            </full-stacktrace>
          </exception> <!-- org.openqa.selenium.NoSuchElementException -->
          <reporter-output>
          </reporter-output>
        </test-method> <!-- empDeleted -->
        <test-method status="PASS" signature="closeBrowser()[pri:0, instance:com.Intelli.Jenkins.Jenkins.DeleteEmployee@1e67b872]" name="closeBrowser" is-config="true" duration-ms="2292" started-at="2017-02-07T13:57:30Z" finished-at="2017-02-07T13:57:32Z">
          <reporter-output>
          </reporter-output>
        </test-method> <!-- closeBrowser -->
      </class> <!-- com.Intelli.Jenkins.Jenkins.DeleteEmployee -->
    </test> <!-- DeleteEmplooyee Test -->
  </suite> <!-- Jenkins Suite -->
</testng-results>
